# JRE version: Java(TM) SE Runtime Environment (8.0_202-b08) (build 1.8.0_202-b08)
# Java VM: Java HotSpot(TM) 64-Bit Server VM (25.202-b08 mixed mode windows-amd64 compressed oops)
Heap:
 PSYoungGen      total 81408K, used 16438K [0x00000000d5c00000, 0x00000000dc900000, 0x0000000100000000)
  eden space 71168K, 15% used [0x00000000d5c00000,0x00000000d6676208,0x00000000da180000)
  from space 10240K, 55% used [0x00000000da180000,0x00000000da7177a8,0x00000000dab80000)
  to   space 9728K, 0% used [0x00000000dbf80000,0x00000000dbf80000,0x00000000dc900000)
 ParOldGen       total 59904K, used 6615K [0x0000000081400000, 0x0000000084e80000, 0x00000000d5c00000)
  object space 59904K, 11% used [0x0000000081400000,0x0000000081a75cb8,0x0000000084e80000)
 Metaspace       used 26421K, capacity 27258K, committed 27568K, reserved 1073152K
  class space    used 3171K, capacity 3395K, committed 3504K, reserved 1048576K
GC Heap History (10 events):
Event: 1.637 GC heap before
{Heap before GC invocations=4 (full 1):
 PSYoungGen      total 38400K, used 5104K [0x00000000d5c00000, 0x00000000da700000, 0x0000000100000000)
  eden space 33280K, 0% used [0x00000000d5c00000,0x00000000d5c00000,0x00000000d7c80000)
  from space 5120K, 99% used [0x00000000d7c80000,0x00000000d817c040,0x00000000d8180000)
  to   space 5120K, 0% used [0x00000000da200000,0x00000000da200000,0x00000000da700000)
 ParOldGen       total 87552K, used 7381K [0x0000000081400000, 0x0000000086980000, 0x00000000d5c00000)
  object space 87552K, 8% used [0x0000000081400000,0x0000000081b357f0,0x0000000086980000)
 Metaspace       used 20973K, capacity 21172K, committed 21296K, reserved 1069056K
  class space    used 2482K, capacity 2569K, committed 2608K, reserved 1048576K
Event: 1.662 GC heap after
Heap after GC invocations=4 (full 1):
 PSYoungGen      total 38400K, used 0K [0x00000000d5c00000, 0x00000000da700000, 0x0000000100000000)
  eden space 33280K, 0% used [0x00000000d5c00000,0x00000000d5c00000,0x00000000d7c80000)
  from space 5120K, 0% used [0x00000000d7c80000,0x00000000d7c80000,0x00000000d8180000)
  to   space 5120K, 0% used [0x00000000da200000,0x00000000da200000,0x00000000da700000)
 ParOldGen       total 59904K, used 6583K [0x0000000081400000, 0x0000000084e80000, 0x00000000d5c00000)
  object space 59904K, 10% used [0x0000000081400000,0x0000000081a6dcb8,0x0000000084e80000)
 Metaspace       used 20973K, capacity 21172K, committed 21296K, reserved 1069056K
  class space    used 2482K, capacity 2569K, committed 2608K, reserved 1048576K
}
Event: 12.792 GC heap before
{Heap before GC invocations=5 (full 1):
 PSYoungGen      total 38400K, used 33280K [0x00000000d5c00000, 0x00000000da700000, 0x0000000100000000)
  eden space 33280K, 100% used [0x00000000d5c00000,0x00000000d7c80000,0x00000000d7c80000)
  from space 5120K, 0% used [0x00000000d7c80000,0x00000000d7c80000,0x00000000d8180000)
  to   space 5120K, 0% used [0x00000000da200000,0x00000000da200000,0x00000000da700000)
 ParOldGen       total 59904K, used 6583K [0x0000000081400000, 0x0000000084e80000, 0x00000000d5c00000)
  object space 59904K, 10% used [0x0000000081400000,0x0000000081a6dcb8,0x0000000084e80000)
 Metaspace       used 25227K, capacity 25978K, committed 26160K, reserved 1073152K
  class space    used 3108K, capacity 3309K, committed 3376K, reserved 1048576K
Event: 12.797 GC heap after
Heap after GC invocations=5 (full 1):
 PSYoungGen      total 54784K, used 4825K [0x00000000d5c00000, 0x00000000da700000, 0x0000000100000000)
  eden space 49664K, 0% used [0x00000000d5c00000,0x00000000d5c00000,0x00000000d8c80000)
  from space 5120K, 94% used [0x00000000da200000,0x00000000da6b6640,0x00000000da700000)
  to   space 5120K, 0% used [0x00000000d9d00000,0x00000000d9d00000,0x00000000da200000)
 ParOldGen       total 59904K, used 6591K [0x0000000081400000, 0x0000000084e80000, 0x00000000d5c00000)
  object space 59904K, 11% used [0x0000000081400000,0x0000000081a6fcb8,0x0000000084e80000)
 Metaspace       used 25227K, capacity 25978K, committed 26160K, reserved 1073152K
  class space    used 3108K, capacity 3309K, committed 3376K, reserved 1048576K
}
Event: 19.531 GC heap before
{Heap before GC invocations=6 (full 1):
 PSYoungGen      total 54784K, used 54159K [0x00000000d5c00000, 0x00000000da700000, 0x0000000100000000)
  eden space 49664K, 99% used [0x00000000d5c00000,0x00000000d8c2d728,0x00000000d8c80000)
  from space 5120K, 94% used [0x00000000da200000,0x00000000da6b6640,0x00000000da700000)
  to   space 5120K, 0% used [0x00000000d9d00000,0x00000000d9d00000,0x00000000da200000)
 ParOldGen       total 59904K, used 6591K [0x0000000081400000, 0x0000000084e80000, 0x00000000d5c00000)
  object space 59904K, 11% used [0x0000000081400000,0x0000000081a6fcb8,0x0000000084e80000)
 Metaspace       used 25773K, capacity 26518K, committed 26800K, reserved 1073152K
  class space    used 3157K, capacity 3385K, committed 3504K, reserved 1048576K
Event: 19.533 GC heap after
Heap after GC invocations=6 (full 1):
 PSYoungGen      total 71680K, used 3842K [0x00000000d5c00000, 0x00000000db600000, 0x0000000100000000)
  eden space 66560K, 0% used [0x00000000d5c00000,0x00000000d5c00000,0x00000000d9d00000)
  from space 5120K, 75% used [0x00000000d9d00000,0x00000000da0c0928,0x00000000da200000)
  to   space 10752K, 0% used [0x00000000dab80000,0x00000000dab80000,0x00000000db600000)
 ParOldGen       total 59904K, used 6599K [0x0000000081400000, 0x0000000084e80000, 0x00000000d5c00000)
  object space 59904K, 11% used [0x0000000081400000,0x0000000081a71cb8,0x0000000084e80000)
 Metaspace       used 25773K, capacity 26518K, committed 26800K, reserved 1073152K
  class space    used 3157K, capacity 3385K, committed 3504K, reserved 1048576K
}
Event: 31.983 GC heap before
{Heap before GC invocations=7 (full 1):
 PSYoungGen      total 71680K, used 70402K [0x00000000d5c00000, 0x00000000db600000, 0x0000000100000000)
  eden space 66560K, 100% used [0x00000000d5c00000,0x00000000d9d00000,0x00000000d9d00000)
  from space 5120K, 75% used [0x00000000d9d00000,0x00000000da0c0928,0x00000000da200000)
  to   space 10752K, 0% used [0x00000000dab80000,0x00000000dab80000,0x00000000db600000)
 ParOldGen       total 59904K, used 6599K [0x0000000081400000, 0x0000000084e80000, 0x00000000d5c00000)
  object space 59904K, 11% used [0x0000000081400000,0x0000000081a71cb8,0x0000000084e80000)
 Metaspace       used 26286K, capacity 27118K, committed 27312K, reserved 1073152K
  class space    used 3171K, capacity 3395K, committed 3504K, reserved 1048576K
Event: 31.989 GC heap after
Heap after GC invocations=7 (full 1):
 PSYoungGen      total 81920K, used 4964K [0x00000000d5c00000, 0x00000000dc800000, 0x0000000100000000)
  eden space 71168K, 0% used [0x00000000d5c00000,0x00000000d5c00000,0x00000000da180000)
  from space 10752K, 46% used [0x00000000dab80000,0x00000000db059308,0x00000000db600000)
  to   space 10240K, 0% used [0x00000000da180000,0x00000000da180000,0x00000000dab80000)
 ParOldGen       total 59904K, used 6607K [0x0000000081400000, 0x0000000084e80000, 0x00000000d5c00000)
  object space 59904K, 11% used [0x0000000081400000,0x0000000081a73cb8,0x0000000084e80000)
 Metaspace       used 26286K, capacity 27118K, committed 27312K, reserved 1073152K
  class space    used 3171K, capacity 3395K, committed 3504K, reserved 1048576K
}
Event: 40.631 GC heap before
{Heap before GC invocations=8 (full 1):
 PSYoungGen      total 81920K, used 76132K [0x00000000d5c00000, 0x00000000dc800000, 0x0000000100000000)
  eden space 71168K, 100% used [0x00000000d5c00000,0x00000000da180000,0x00000000da180000)
  from space 10752K, 46% used [0x00000000dab80000,0x00000000db059308,0x00000000db600000)
  to   space 10240K, 0% used [0x00000000da180000,0x00000000da180000,0x00000000dab80000)
 ParOldGen       total 59904K, used 6607K [0x0000000081400000, 0x0000000084e80000, 0x00000000d5c00000)
  object space 59904K, 11% used [0x0000000081400000,0x0000000081a73cb8,0x0000000084e80000)
 Metaspace       used 26407K, capacity 27194K, committed 27312K, reserved 1073152K
  class space    used 3171K, capacity 3395K, committed 3504K, reserved 1048576K
Event: 40.634 GC heap after
Heap after GC invocations=8 (full 1):
 PSYoungGen      total 81408K, used 5725K [0x00000000d5c00000, 0x00000000dc900000, 0x0000000100000000)
  eden space 71168K, 0% used [0x00000000d5c00000,0x00000000d5c00000,0x00000000da180000)
  from space 10240K, 55% used [0x00000000da180000,0x00000000da7177a8,0x00000000dab80000)
  to   space 9728K, 0% used [0x00000000dbf80000,0x00000000dbf80000,0x00000000dc900000)
 ParOldGen       total 59904K, used 6615K [0x0000000081400000, 0x0000000084e80000, 0x00000000d5c00000)
  object space 59904K, 11% used [0x0000000081400000,0x0000000081a75cb8,0x0000000084e80000)
 Metaspace       used 26407K, capacity 27194K, committed 27312K, reserved 1073152K
  class space    used 3171K, capacity 3395K, committed 3504K, reserved 1048576K
}

