<?xml version="1.0" encoding="UTF-8"?>
<!-- Generated by org.testng.reporters.JUnitXMLReporter -->
<testsuite hostname="LAPTOP-OB639NRA" ignored="0" name="1" tests="5" failures="1" timestamp="21 May 2020 05:00:17 GMT" time="36.806" errors="0">
  <testcase name="readProperties" time="6.675" classname="Scripts.BusinessComponents"/>
  <testcase name="launchURL" time="6.899" classname="Scripts.BusinessComponents"/>
  <testcase name="login" time="7.917" classname="Scripts.BusinessComponents"/>
  <testcase name="PIM_Employees" time="5.213" classname="Scripts.BusinessComponents">
    <failure type="java.lang.AssertionError" message="null">
      <![CDATA[java.lang.AssertionError: null
	at Scripts.ReusableFunctions.ClickById(ReusableFunctions.java:77)
	at Scripts.BusinessComponents.PIM_Employees(BusinessComponents.java:284)
	at java.util.concurrent.FutureTask.run(Unknown Source)
	at java.util.concurrent.ThreadPoolExecutor.runWorker(Unknown Source)
	at java.util.concurrent.ThreadPoolExecutor$Worker.run(Unknown Source)
	at java.lang.Thread.run(Unknown Source)
... Removed 18 stack frames]]>
    </failure>
  </testcase> <!-- PIM_Employees -->
  <testcase name="Maintenance" time="0.0" classname="Scripts.BusinessComponents">
    <skipped/>
  </testcase> <!-- Maintenance -->
</testsuite> <!-- 1 -->
