<?xml version="1.0" encoding="UTF-8"?>
<!-- Generated by org.testng.reporters.JUnitXMLReporter -->
<testsuite hostname="LAPTOP-OB639NRA" ignored="0" name="2" tests="4" failures="1" timestamp="31 Dec 2019 06:47:48 GMT" time="48.81" errors="0">
  <testcase name="readProperties" time="10.739" classname="Scripts.BusinessComponents"/>
  <testcase name="launchURL" time="4.974" classname="Scripts.BusinessComponents"/>
  <testcase name="login" time="8.665" classname="Scripts.BusinessComponents"/>
  <testcase name="AddCandidates" time="14.943" classname="Scripts.BusinessComponents">
    <failure type="java.lang.ClassCastException" message="org.openqa.selenium.chrome.ChromeDriver cannot be cast to Scripts.BusinessComponents">
      <![CDATA[java.lang.ClassCastException: org.openqa.selenium.chrome.ChromeDriver cannot be cast to Scripts.BusinessComponents
	at Scripts.BusinessComponents.AddCandidates(BusinessComponents.java:267)
	at java.util.concurrent.FutureTask.run(Unknown Source)
	at java.util.concurrent.ThreadPoolExecutor.runWorker(Unknown Source)
	at java.util.concurrent.ThreadPoolExecutor$Worker.run(Unknown Source)
	at java.lang.Thread.run(Unknown Source)
... Removed 16 stack frames]]>
    </failure>
  </testcase> <!-- AddCandidates -->
</testsuite> <!-- 2 -->
