<?xml version="1.0" encoding="UTF-8"?>
<!-- Generated by org.testng.reporters.JUnitXMLReporter -->
<testsuite hostname="LAPTOP-OB639NRA" ignored="0" name="3" tests="5" failures="0" timestamp="21 May 2020 05:08:48 GMT" time="87.909" errors="0">
  <testcase name="readProperties" time="6.463" classname="Scripts.BusinessComponents"/>
  <testcase name="launchURL" time="6.591" classname="Scripts.BusinessComponents"/>
  <testcase name="login" time="8.328" classname="Scripts.BusinessComponents"/>
  <testcase name="Leave_AssignLeave" time="66.099" classname="Scripts.BusinessComponents"/>
  <testcase name="Maintenance" time="0.0" classname="Scripts.BusinessComponents">
    <skipped/>
  </testcase> <!-- Maintenance -->
</testsuite> <!-- 3 -->
