<?xml version="1.0" encoding="UTF-8"?>
<!-- Generated by org.testng.reporters.JUnitXMLReporter -->
<testsuite hostname="LAPTOP-OB639NRA" ignored="0" name="4" tests="5" failures="3" timestamp="29 May 2020 09:30:37 GMT" time="3.494" errors="0">
  <testcase name="readProperties" time="3.138" classname="Scripts.BusinessComponents"/>
  <testcase name="launchURL" time="0.01" classname="Scripts.BusinessComponents">
    <failure type="java.lang.AssertionError" message="null">
      <![CDATA[java.lang.AssertionError: null
	at Scripts.BusinessComponents.launchURL(BusinessComponents.java:231)
	at java.util.concurrent.FutureTask.run(Unknown Source)
	at java.util.concurrent.ThreadPoolExecutor.runWorker(Unknown Source)
	at java.util.concurrent.ThreadPoolExecutor$Worker.run(Unknown Source)
	at java.lang.Thread.run(Unknown Source)
... Removed 18 stack frames]]>
    </failure>
  </testcase> <!-- launchURL -->
  <testcase name="login" time="0.009" classname="Scripts.BusinessComponents">
    <failure type="java.lang.AssertionError" message="null">
      <![CDATA[java.lang.AssertionError: null
	at Scripts.BusinessComponents.login(BusinessComponents.java:255)
	at java.util.concurrent.FutureTask.run(Unknown Source)
	at java.util.concurrent.ThreadPoolExecutor.runWorker(Unknown Source)
	at java.util.concurrent.ThreadPoolExecutor$Worker.run(Unknown Source)
	at java.lang.Thread.run(Unknown Source)
... Removed 18 stack frames]]>
    </failure>
  </testcase> <!-- login -->
  <testcase name="AddCandidates" time="0.0" classname="Scripts.BusinessComponents">
    <skipped/>
  </testcase> <!-- AddCandidates -->
  <testcase name="AddEmployee" time="0.0" classname="Scripts.BusinessComponents">
    <failure type="java.lang.NullPointerException">
      <![CDATA[java.lang.NullPointerException
	at Scripts.BusinessComponents.captureScreenshot(BusinessComponents.java:212)
	at Scripts.ReusableFunctions.ClickById(ReusableFunctions.java:83)
	at Scripts.BusinessComponents.AddEmployee(BusinessComponents.java:341)
	at java.util.concurrent.FutureTask.run(Unknown Source)
	at java.util.concurrent.ThreadPoolExecutor.runWorker(Unknown Source)
	at java.util.concurrent.ThreadPoolExecutor$Worker.run(Unknown Source)
	at java.lang.Thread.run(Unknown Source)
... Removed 16 stack frames]]>
    </failure>
  </testcase> <!-- AddEmployee -->
</testsuite> <!-- 4 -->
