<?xml version="1.0" encoding="UTF-8"?>
<!-- Generated by org.testng.reporters.JUnitXMLReporter -->
<testsuite hostname="LAPTOP-OB639NRA" ignored="0" name="5" tests="4" failures="2" timestamp="22 May 2020 05:59:43 GMT" time="20.228" errors="0">
  <testcase name="readProperties" time="20.031" classname="Scripts.BusinessComponents"/>
  <testcase name="launchURL" time="0.009" classname="Scripts.BusinessComponents">
    <failure type="java.lang.AssertionError" message="null">
      <![CDATA[java.lang.AssertionError: null
	at Scripts.BusinessComponents.launchURL(BusinessComponents.java:231)
	at java.util.concurrent.FutureTask.run(Unknown Source)
	at java.util.concurrent.ThreadPoolExecutor.runWorker(Unknown Source)
	at java.util.concurrent.ThreadPoolExecutor$Worker.run(Unknown Source)
	at java.lang.Thread.run(Unknown Source)
... Removed 18 stack frames]]>
    </failure>
  </testcase> <!-- launchURL -->
  <testcase name="login" time="0.007" classname="Scripts.BusinessComponents">
    <failure type="java.lang.AssertionError" message="null">
      <![CDATA[java.lang.AssertionError: null
	at Scripts.BusinessComponents.login(BusinessComponents.java:255)
	at java.util.concurrent.FutureTask.run(Unknown Source)
	at java.util.concurrent.ThreadPoolExecutor.runWorker(Unknown Source)
	at java.util.concurrent.ThreadPoolExecutor$Worker.run(Unknown Source)
	at java.lang.Thread.run(Unknown Source)
... Removed 18 stack frames]]>
    </failure>
  </testcase> <!-- login -->
  <testcase name="AddCandidates" time="0.0" classname="Scripts.BusinessComponents">
    <skipped/>
  </testcase> <!-- AddCandidates -->
</testsuite> <!-- 5 -->
